Exporter version: 5.5.0, Blender version: 2.79 (sub 0)
========= Conversion from Blender to Babylon.js =========
	Scene settings used:
		selected layers only:  false
		flat shading entire scene:  false
		inline textures:  false
		texture directory:  D:\diseno3dblen\babilonjs\New Folder\
	Python World class constructor completed
	WARNING: No active camera has been assigned, or is not in a currently selected Blender layer
	processing begun of mesh:  Cube
		processing begun of Standard material:  Material
			Diffuse texture found "Texture"
				Image texture found, type:  diffuseTexture, mapped using: "UVMap"
		num positions      :  26
		num normals        :  26
		num uvs            :  52
		num uvs2           :  0
		num colors         :  0
		num indices        :  36
========= Writing of scene file started =========
========= Writing of scene file completed =========
========= end of processing =========
elapsed time:  0 min, 2.2415 secs
